\BOOKMARK [1][-]{section.1}{Introduction}{}% 1
\BOOKMARK [1][-]{section.2}{Assignment 1.1}{}% 2
\BOOKMARK [1][-]{section.3}{Assignment 1.2}{}% 3
\BOOKMARK [2][-]{subsection.3.1}{VG-tasks}{section.3}% 4
\BOOKMARK [3][-]{subsubsection.3.1.1}{Task 1}{subsection.3.1}% 5
\BOOKMARK [3][-]{subsubsection.3.1.2}{Task 2}{subsection.3.1}% 6
\BOOKMARK [1][-]{section.4}{Assignment 1.3}{}% 7
\BOOKMARK [2][-]{subsection.4.1}{TCP server with small bufsize}{section.4}% 8
\BOOKMARK [2][-]{subsection.4.2}{UDP server with small bufsize}{section.4}% 9
\BOOKMARK [2][-]{subsection.4.3}{Conclusion}{section.4}% 10
\BOOKMARK [1][-]{section.5}{Assignment 1.4, Wireshark}{}% 11
\BOOKMARK [2][-]{subsection.5.1}{UDP}{section.5}% 12
\BOOKMARK [3][-]{subsubsection.5.1.1}{To small buffersize}{subsection.5.1}% 13
\BOOKMARK [3][-]{subsubsection.5.1.2}{Enought buffersize}{subsection.5.1}% 14
\BOOKMARK [2][-]{subsection.5.2}{TCP}{section.5}% 15
\BOOKMARK [3][-]{subsubsection.5.2.1}{To small buffersize}{subsection.5.2}% 16
\BOOKMARK [3][-]{subsubsection.5.2.2}{Enought buffersize}{subsection.5.2}% 17
\BOOKMARK [1][-]{section.6}{Instructions}{}% 18
\BOOKMARK [2][-]{subsection.6.1}{Install dependencies}{section.6}% 19
\BOOKMARK [2][-]{subsection.6.2}{Compile and run}{section.6}% 20
\BOOKMARK [3][-]{subsubsection.6.2.1}{Compile}{subsection.6.2}% 21
\BOOKMARK [3][-]{subsubsection.6.2.2}{Execute}{subsection.6.2}% 22
\BOOKMARK [3][-]{subsubsection.6.2.3}{Docker, Optional}{subsection.6.2}% 23
